# JRE version: OpenJDK Runtime Environment (8.0_152-b06) (build 1.8.0_152-release-1136-b06)
# Java VM: OpenJDK 64-Bit Server VM (25.152-b06 mixed mode windows-amd64 compressed oops)
Heap:
 PSYoungGen      total 459264K, used 188954K [0x00000000e0000000, 0x00000000fee80000, 0x0000000100000000)
  eden space 427520K, 36% used [0x00000000e0000000,0x00000000e998b048,0x00000000fa180000)
  from space 31744K, 99% used [0x00000000fa280000,0x00000000fc17bb48,0x00000000fc180000)
  to   space 39424K, 0% used [0x00000000fc800000,0x00000000fc800000,0x00000000fee80000)
 ParOldGen       total 194560K, used 93702K [0x00000000a0000000, 0x00000000abe00000, 0x00000000e0000000)
  object space 194560K, 48% used [0x00000000a0000000,0x00000000a5b81b98,0x00000000abe00000)
 Metaspace       used 100955K, capacity 108374K, committed 108504K, reserved 1144832K
  class space    used 12661K, capacity 14028K, committed 14080K, reserved 1048576K
GC Heap History (10 events):
Event: 4710.263 GC heap before
{Heap before GC invocations=39 (full 4):
 PSYoungGen      total 489984K, used 480771K [0x00000000e0000000, 0x0000000100000000, 0x0000000100000000)
  eden space 456704K, 100% used [0x00000000e0000000,0x00000000fbe00000,0x00000000fbe00000)
  from space 33280K, 72% used [0x00000000fdf80000,0x00000000ff700d30,0x0000000100000000)
  to   space 33792K, 0% used [0x00000000fbe00000,0x00000000fbe00000,0x00000000fdf00000)
 ParOldGen       total 194560K, used 76758K [0x00000000a0000000, 0x00000000abe00000, 0x00000000e0000000)
  object space 194560K, 39% used [0x00000000a0000000,0x00000000a4af59d0,0x00000000abe00000)
 Metaspace       used 100443K, capacity 107682K, committed 107992K, reserved 1142784K
  class space    used 12633K, capacity 13992K, committed 14080K, reserved 1048576K
Event: 4710.283 GC heap after
Heap after GC invocations=39 (full 4):
 PSYoungGen      total 481280K, used 24462K [0x00000000e0000000, 0x0000000100000000, 0x0000000100000000)
  eden space 456704K, 0% used [0x00000000e0000000,0x00000000e0000000,0x00000000fbe00000)
  from space 24576K, 99% used [0x00000000fbe00000,0x00000000fd5e3bf0,0x00000000fd600000)
  to   space 34304K, 0% used [0x00000000fde80000,0x00000000fde80000,0x0000000100000000)
 ParOldGen       total 194560K, used 76766K [0x00000000a0000000, 0x00000000abe00000, 0x00000000e0000000)
  object space 194560K, 39% used [0x00000000a0000000,0x00000000a4af79d0,0x00000000abe00000)
 Metaspace       used 100443K, capacity 107682K, committed 107992K, reserved 1142784K
  class space    used 12633K, capacity 13992K, committed 14080K, reserved 1048576K
}
Event: 4941.139 GC heap before
{Heap before GC invocations=40 (full 4):
 PSYoungGen      total 481280K, used 481166K [0x00000000e0000000, 0x0000000100000000, 0x0000000100000000)
  eden space 456704K, 100% used [0x00000000e0000000,0x00000000fbe00000,0x00000000fbe00000)
  from space 24576K, 99% used [0x00000000fbe00000,0x00000000fd5e3bf0,0x00000000fd600000)
  to   space 34304K, 0% used [0x00000000fde80000,0x00000000fde80000,0x0000000100000000)
 ParOldGen       total 194560K, used 76766K [0x00000000a0000000, 0x00000000abe00000, 0x00000000e0000000)
  object space 194560K, 39% used [0x00000000a0000000,0x00000000a4af79d0,0x00000000abe00000)
 Metaspace       used 100502K, capacity 107752K, committed 107992K, reserved 1142784K
  class space    used 12635K, capacity 13993K, committed 14080K, reserved 1048576K
Event: 4941.160 GC heap after
Heap after GC invocations=40 (full 4):
 PSYoungGen      total 491008K, used 16521K [0x00000000e0000000, 0x0000000100000000, 0x0000000100000000)
  eden space 456704K, 0% used [0x00000000e0000000,0x00000000e0000000,0x00000000fbe00000)
  from space 34304K, 48% used [0x00000000fde80000,0x00000000feea2600,0x0000000100000000)
  to   space 33280K, 0% used [0x00000000fbe00000,0x00000000fbe00000,0x00000000fde80000)
 ParOldGen       total 194560K, used 79287K [0x00000000a0000000, 0x00000000abe00000, 0x00000000e0000000)
  object space 194560K, 40% used [0x00000000a0000000,0x00000000a4d6df10,0x00000000abe00000)
 Metaspace       used 100502K, capacity 107752K, committed 107992K, reserved 1142784K
  class space    used 12635K, capacity 13993K, committed 14080K, reserved 1048576K
}
Event: 5316.626 GC heap before
{Heap before GC invocations=41 (full 4):
 PSYoungGen      total 491008K, used 472555K [0x00000000e0000000, 0x0000000100000000, 0x0000000100000000)
  eden space 456704K, 99% used [0x00000000e0000000,0x00000000fbd588c8,0x00000000fbe00000)
  from space 34304K, 48% used [0x00000000fde80000,0x00000000feea2600,0x0000000100000000)
  to   space 33280K, 0% used [0x00000000fbe00000,0x00000000fbe00000,0x00000000fde80000)
 ParOldGen       total 194560K, used 79287K [0x00000000a0000000, 0x00000000abe00000, 0x00000000e0000000)
  object space 194560K, 40% used [0x00000000a0000000,0x00000000a4d6df10,0x00000000abe00000)
 Metaspace       used 100714K, capacity 108090K, committed 108248K, reserved 1142784K
  class space    used 12655K, capacity 14026K, committed 14080K, reserved 1048576K
Event: 5316.648 GC heap after
Heap after GC invocations=41 (full 4):
 PSYoungGen      total 458240K, used 19777K [0x00000000e0000000, 0x00000000feb00000, 0x0000000100000000)
  eden space 438272K, 0% used [0x00000000e0000000,0x00000000e0000000,0x00000000fac00000)
  from space 19968K, 99% used [0x00000000fbe00000,0x00000000fd1507b0,0x00000000fd180000)
  to   space 26112K, 0% used [0x00000000fd180000,0x00000000fd180000,0x00000000feb00000)
 ParOldGen       total 194560K, used 79802K [0x00000000a0000000, 0x00000000abe00000, 0x00000000e0000000)
  object space 194560K, 41% used [0x00000000a0000000,0x00000000a4deea18,0x00000000abe00000)
 Metaspace       used 100714K, capacity 108090K, committed 108248K, reserved 1142784K
  class space    used 12655K, capacity 14026K, committed 14080K, reserved 1048576K
}
Event: 5452.620 GC heap before
{Heap before GC invocations=42 (full 4):
 PSYoungGen      total 458240K, used 458049K [0x00000000e0000000, 0x00000000feb00000, 0x0000000100000000)
  eden space 438272K, 100% used [0x00000000e0000000,0x00000000fac00000,0x00000000fac00000)
  from space 19968K, 99% used [0x00000000fbe00000,0x00000000fd1507b0,0x00000000fd180000)
  to   space 26112K, 0% used [0x00000000fd180000,0x00000000fd180000,0x00000000feb00000)
 ParOldGen       total 194560K, used 79802K [0x00000000a0000000, 0x00000000abe00000, 0x00000000e0000000)
  object space 194560K, 41% used [0x00000000a0000000,0x00000000a4deea18,0x00000000abe00000)
 Metaspace       used 100864K, capacity 108302K, committed 108504K, reserved 1144832K
  class space    used 12656K, capacity 14028K, committed 14080K, reserved 1048576K
Event: 5452.638 GC heap after
Heap after GC invocations=42 (full 4):
 PSYoungGen      total 436224K, used 15037K [0x00000000e0000000, 0x00000000fe080000, 0x0000000100000000)
  eden space 420864K, 0% used [0x00000000e0000000,0x00000000e0000000,0x00000000f9b00000)
  from space 15360K, 97% used [0x00000000fd180000,0x00000000fe02f738,0x00000000fe080000)
  to   space 31744K, 0% used [0x00000000fa280000,0x00000000fa280000,0x00000000fc180000)
 ParOldGen       total 194560K, used 81633K [0x00000000a0000000, 0x00000000abe00000, 0x00000000e0000000)
  object space 194560K, 41% used [0x00000000a0000000,0x00000000a4fb8480,0x00000000abe00000)
 Metaspace       used 100864K, capacity 108302K, committed 108504K, reserved 1144832K
  class space    used 12656K, capacity 14028K, committed 14080K, reserved 1048576K
}
Event: 5463.556 GC heap before
{Heap before GC invocations=43 (full 4):
 PSYoungGen      total 436224K, used 435901K [0x00000000e0000000, 0x00000000fe080000, 0x0000000100000000)
  eden space 420864K, 100% used [0x00000000e0000000,0x00000000f9b00000,0x00000000f9b00000)
  from space 15360K, 97% used [0x00000000fd180000,0x00000000fe02f738,0x00000000fe080000)
  to   space 31744K, 0% used [0x00000000fa280000,0x00000000fa280000,0x00000000fc180000)
 ParOldGen       total 194560K, used 81633K [0x00000000a0000000, 0x00000000abe00000, 0x00000000e0000000)
  object space 194560K, 41% used [0x00000000a0000000,0x00000000a4fb8480,0x00000000abe00000)
 Metaspace       used 100947K, capacity 108310K, committed 108504K, reserved 1144832K
  class space    used 12661K, capacity 14028K, committed 14080K, reserved 1048576K
Event: 5463.608 GC heap after
Heap after GC invocations=43 (full 4):
 PSYoungGen      total 459264K, used 31726K [0x00000000e0000000, 0x00000000fee80000, 0x0000000100000000)
  eden space 427520K, 0% used [0x00000000e0000000,0x00000000e0000000,0x00000000fa180000)
  from space 31744K, 99% used [0x00000000fa280000,0x00000000fc17bb48,0x00000000fc180000)
  to   space 39424K, 0% used [0x00000000fc800000,0x00000000fc800000,0x00000000fee80000)
 ParOldGen       total 194560K, used 93702K [0x00000000a0000000, 0x00000000abe00000, 0x00000000e0000000)
  object space 194560K, 48% used [0x00000000a0000000,0x00000000a5b81b98,0x00000000abe00000)
 Metaspace       used 100947K, capacity 108310K, committed 108504K, reserved 1144832K
  class space    used 12661K, capacity 14028K, committed 14080K, reserved 1048576K
}

